<?xml version="1.0" encoding="UTF-8"?>
<!-- Generated by org.testng.reporters.JUnitReportReporter -->
<testsuite hostname="LAPTOP-N3G6APIF" failures="0" tests="1" name="devadmin.LoginTest" time="5.134" errors="0" timestamp="2025-09-28T19:38:43 IST" skipped="0">
  <testcase classname="devadmin.LoginTest" name="adminLogin" time="5.134"/>
</testsuite> <!-- devadmin.LoginTest -->
