<?xml version="1.0" encoding="UTF-8"?>
<!-- Generated by org.testng.reporters.JUnitReportReporter -->
<testsuite hostname="LAPTOP-N3G6APIF" failures="0" tests="1" name="devadmin.CreateTYKTest" time="40.418" errors="0" timestamp="2025-09-28T19:38:43 IST" skipped="0">
  <testcase classname="devadmin.CreateTYKTest" name="createTYK" time="40.418"/>
</testsuite> <!-- devadmin.CreateTYKTest -->
