<?xml version="1.0" encoding="UTF-8"?>
<!-- Generated by org.testng.reporters.JUnitReportReporter -->
<testsuite hostname="LAPTOP-N3G6APIF" failures="0" tests="2" name="devadmin.Login" time="30.672" errors="0" timestamp="2025-09-26T19:26:35 IST" skipped="0">
  <testcase classname="devadmin.Login" name="adminLogin" time="2.429"/>
  <testcase classname="devadmin.Login" name="createTYK" time="28.243"/>
</testsuite> <!-- devadmin.Login -->
