<?xml version="1.0" encoding="UTF-8"?>
<!-- Generated by org.testng.reporters.JUnitReportReporter -->
<testsuite hostname="LAPTOP-N3G6APIF" failures="0" tests="1" name="devadmin.LoginTest" time="2.090" errors="0" timestamp="2025-09-28T15:25:43 IST" skipped="0">
  <testcase classname="devadmin.LoginTest" name="adminLogin" time="2.090"/>
</testsuite> <!-- devadmin.LoginTest -->
