<?xml version="1.0" encoding="UTF-8"?>
<!-- Generated by org.testng.reporters.JUnitReportReporter -->
<testsuite hostname="LAPTOP-N3G6APIF" failures="0" tests="1" name="devadmin.CreateTYK" time="45.464" errors="0" timestamp="2025-09-26T22:40:28 IST" skipped="0">
  <testcase classname="devadmin.CreateTYK" name="createTYK" time="45.464"/>
</testsuite> <!-- devadmin.CreateTYK -->
