<?xml version="1.0" encoding="UTF-8"?>
<!-- Generated by org.testng.reporters.JUnitReportReporter -->
<testsuite hostname="LAPTOP-N3G6APIF" failures="0" tests="1" name="devadmin.CreateTYKTest" time="36.327" errors="0" timestamp="2025-09-26T23:33:43 IST" skipped="0">
  <testcase classname="devadmin.CreateTYKTest" name="createTYK" time="36.327"/>
</testsuite> <!-- devadmin.CreateTYKTest -->
