<?xml version="1.0" encoding="UTF-8"?>
<!-- Generated by org.testng.reporters.JUnitReportReporter -->
<testsuite hostname="LAPTOP-N3G6APIF" failures="0" tests="2" name="devadmin.LoginTest" time="32.984" errors="0" timestamp="2025-09-26T23:33:43 IST" skipped="0">
  <testcase classname="devadmin.LoginTest" name="createTYK" time="28.864"/>
  <testcase classname="devadmin.LoginTest" name="adminLogin" time="4.120"/>
</testsuite> <!-- devadmin.LoginTest -->
