<?xml version="1.0" encoding="UTF-8"?>
<!-- Generated by org.testng.reporters.JUnitReportReporter -->
<testsuite hostname="LAPTOP-N3G6APIF" failures="0" tests="1" name="devadmin.CreateTYKTest" time="32.288" errors="0" timestamp="2025-09-28T15:04:42 IST" skipped="0">
  <testcase classname="devadmin.CreateTYKTest" name="createTYK" time="32.288"/>
</testsuite> <!-- devadmin.CreateTYKTest -->
